[0.597s] DEBUG:colcon:Command line arguments: ['/usr/bin/colcon', 'list', '-p', '--base-paths', '/home/sees/CommLineProg/work/catkin2_ws/src/eureka_jerk', '--log-base', '/dev/null']
[0.597s] DEBUG:colcon:Parsed command line arguments: Namespace(allow_overriding=[], base_paths=['/home/sees/CommLineProg/work/catkin2_ws/src/eureka_jerk', '--log-base', '/dev/null'], build_base='build', ignore_user_meta=False, log_base=None, log_level=None, main=<bound method ListVerb.main of <colcon_package_information.verb.list.ListVerb object at 0x7f17eace1610>>, metas=['./colcon.meta'], names_only=False, packages_above=None, packages_above_and_dependencies=None, packages_above_depth=None, packages_end=None, packages_ignore=None, packages_ignore_regex=None, packages_select=None, packages_select_build_failed=False, packages_select_by_dep=None, packages_select_regex=None, packages_select_test_failures=False, packages_skip=None, packages_skip_build_finished=False, packages_skip_by_dep=None, packages_skip_regex=None, packages_skip_test_passed=False, packages_skip_up_to=None, packages_start=None, packages_up_to=None, packages_up_to_regex=None, paths=None, paths_only=True, topological_graph=False, topological_graph_density=False, topological_graph_dot=False, topological_graph_dot_cluster=False, topological_graph_dot_include_skipped=False, topological_graph_legend=False, topological_order=False, verb_extension=<colcon_package_information.verb.list.ListVerb object at 0x7f17eace1610>, verb_name='list', verb_parser=<colcon_defaults.argument_parser.defaults.DefaultArgumentsDecorator object at 0x7f17eacf34c0>)
[1.018s] Level 1:colcon.colcon_core.package_discovery:discover_packages(colcon_meta) check parameters
[1.018s] Level 1:colcon.colcon_core.package_discovery:discover_packages(recursive) check parameters
[1.018s] Level 1:colcon.colcon_core.package_discovery:discover_packages(ignore) check parameters
[1.018s] Level 1:colcon.colcon_core.package_discovery:discover_packages(path) check parameters
[1.018s] Level 1:colcon.colcon_core.package_discovery:discover_packages(recursive) discover
[1.018s] INFO:colcon.colcon_core.package_discovery:Crawling recursively for packages in '/home/sees/CommLineProg/work/catkin2_ws/src/eureka_jerk', '/home/sees/CommLineProg/work/catkin2_ws/src/eureka_jerk/--log-base', '/dev/null'
[1.018s] Level 1:colcon.colcon_core.package_identification:_identify(/home/sees/CommLineProg/work/catkin2_ws/src/eureka_jerk) by extensions ['ignore', 'ignore_ament_install']
[1.019s] Level 1:colcon.colcon_core.package_identification:_identify(/home/sees/CommLineProg/work/catkin2_ws/src/eureka_jerk) by extension 'ignore'
[1.019s] Level 1:colcon.colcon_core.package_identification:_identify(/home/sees/CommLineProg/work/catkin2_ws/src/eureka_jerk) by extension 'ignore_ament_install'
[1.019s] Level 1:colcon.colcon_core.package_identification:_identify(/home/sees/CommLineProg/work/catkin2_ws/src/eureka_jerk) by extensions ['colcon_pkg']
[1.019s] Level 1:colcon.colcon_core.package_identification:_identify(/home/sees/CommLineProg/work/catkin2_ws/src/eureka_jerk) by extension 'colcon_pkg'
[1.019s] Level 1:colcon.colcon_core.package_identification:_identify(/home/sees/CommLineProg/work/catkin2_ws/src/eureka_jerk) by extensions ['colcon_meta']
[1.019s] Level 1:colcon.colcon_core.package_identification:_identify(/home/sees/CommLineProg/work/catkin2_ws/src/eureka_jerk) by extension 'colcon_meta'
[1.019s] Level 1:colcon.colcon_core.package_identification:_identify(/home/sees/CommLineProg/work/catkin2_ws/src/eureka_jerk) by extensions ['ros']
[1.019s] Level 1:colcon.colcon_core.package_identification:_identify(/home/sees/CommLineProg/work/catkin2_ws/src/eureka_jerk) by extension 'ros'
[1.035s] Level 1:colcon.colcon_core.package_identification:_identify(/home/sees/CommLineProg/work/catkin2_ws/src/eureka_jerk) by extensions ['cmake', 'python']
[1.035s] Level 1:colcon.colcon_core.package_identification:_identify(/home/sees/CommLineProg/work/catkin2_ws/src/eureka_jerk) by extension 'cmake'
[1.035s] Level 1:colcon.colcon_core.package_identification:_identify(/home/sees/CommLineProg/work/catkin2_ws/src/eureka_jerk) by extension 'python'
[1.035s] Level 1:colcon.colcon_core.package_identification:_identify(/home/sees/CommLineProg/work/catkin2_ws/src/eureka_jerk) by extensions ['python_setup_py']
[1.035s] Level 1:colcon.colcon_core.package_identification:_identify(/home/sees/CommLineProg/work/catkin2_ws/src/eureka_jerk) by extension 'python_setup_py'
[1.036s] Level 1:colcon.colcon_core.package_identification:_identify(/home/sees/CommLineProg/work/catkin2_ws/src/eureka_jerk/include) by extensions ['ignore', 'ignore_ament_install']
[1.036s] Level 1:colcon.colcon_core.package_identification:_identify(/home/sees/CommLineProg/work/catkin2_ws/src/eureka_jerk/include) by extension 'ignore'
[1.036s] Level 1:colcon.colcon_core.package_identification:_identify(/home/sees/CommLineProg/work/catkin2_ws/src/eureka_jerk/include) by extension 'ignore_ament_install'
[1.036s] Level 1:colcon.colcon_core.package_identification:_identify(/home/sees/CommLineProg/work/catkin2_ws/src/eureka_jerk/include) by extensions ['colcon_pkg']
[1.036s] Level 1:colcon.colcon_core.package_identification:_identify(/home/sees/CommLineProg/work/catkin2_ws/src/eureka_jerk/include) by extension 'colcon_pkg'
[1.036s] Level 1:colcon.colcon_core.package_identification:_identify(/home/sees/CommLineProg/work/catkin2_ws/src/eureka_jerk/include) by extensions ['colcon_meta']
[1.036s] Level 1:colcon.colcon_core.package_identification:_identify(/home/sees/CommLineProg/work/catkin2_ws/src/eureka_jerk/include) by extension 'colcon_meta'
[1.036s] Level 1:colcon.colcon_core.package_identification:_identify(/home/sees/CommLineProg/work/catkin2_ws/src/eureka_jerk/include) by extensions ['ros']
[1.036s] Level 1:colcon.colcon_core.package_identification:_identify(/home/sees/CommLineProg/work/catkin2_ws/src/eureka_jerk/include) by extension 'ros'
[1.036s] Level 1:colcon.colcon_core.package_identification:_identify(/home/sees/CommLineProg/work/catkin2_ws/src/eureka_jerk/include) by extensions ['cmake', 'python']
[1.036s] Level 1:colcon.colcon_core.package_identification:_identify(/home/sees/CommLineProg/work/catkin2_ws/src/eureka_jerk/include) by extension 'cmake'
[1.036s] Level 1:colcon.colcon_core.package_identification:_identify(/home/sees/CommLineProg/work/catkin2_ws/src/eureka_jerk/include) by extension 'python'
[1.036s] Level 1:colcon.colcon_core.package_identification:_identify(/home/sees/CommLineProg/work/catkin2_ws/src/eureka_jerk/include) by extensions ['python_setup_py']
[1.036s] Level 1:colcon.colcon_core.package_identification:_identify(/home/sees/CommLineProg/work/catkin2_ws/src/eureka_jerk/include) by extension 'python_setup_py'
[1.036s] Level 1:colcon.colcon_core.package_identification:_identify(/home/sees/CommLineProg/work/catkin2_ws/src/eureka_jerk/log) by extensions ['ignore', 'ignore_ament_install']
[1.037s] Level 1:colcon.colcon_core.package_identification:_identify(/home/sees/CommLineProg/work/catkin2_ws/src/eureka_jerk/log) by extension 'ignore'
[1.037s] Level 1:colcon.colcon_core.package_identification:_identify(/home/sees/CommLineProg/work/catkin2_ws/src/eureka_jerk/log) ignored
[1.037s] Level 1:colcon.colcon_core.package_identification:_identify(/home/sees/CommLineProg/work/catkin2_ws/src/eureka_jerk/src) by extensions ['ignore', 'ignore_ament_install']
[1.037s] Level 1:colcon.colcon_core.package_identification:_identify(/home/sees/CommLineProg/work/catkin2_ws/src/eureka_jerk/src) by extension 'ignore'
[1.037s] Level 1:colcon.colcon_core.package_identification:_identify(/home/sees/CommLineProg/work/catkin2_ws/src/eureka_jerk/src) by extension 'ignore_ament_install'
[1.037s] Level 1:colcon.colcon_core.package_identification:_identify(/home/sees/CommLineProg/work/catkin2_ws/src/eureka_jerk/src) by extensions ['colcon_pkg']
[1.037s] Level 1:colcon.colcon_core.package_identification:_identify(/home/sees/CommLineProg/work/catkin2_ws/src/eureka_jerk/src) by extension 'colcon_pkg'
[1.037s] Level 1:colcon.colcon_core.package_identification:_identify(/home/sees/CommLineProg/work/catkin2_ws/src/eureka_jerk/src) by extensions ['colcon_meta']
[1.037s] Level 1:colcon.colcon_core.package_identification:_identify(/home/sees/CommLineProg/work/catkin2_ws/src/eureka_jerk/src) by extension 'colcon_meta'
[1.037s] Level 1:colcon.colcon_core.package_identification:_identify(/home/sees/CommLineProg/work/catkin2_ws/src/eureka_jerk/src) by extensions ['ros']
[1.037s] Level 1:colcon.colcon_core.package_identification:_identify(/home/sees/CommLineProg/work/catkin2_ws/src/eureka_jerk/src) by extension 'ros'
[1.037s] Level 1:colcon.colcon_core.package_identification:_identify(/home/sees/CommLineProg/work/catkin2_ws/src/eureka_jerk/src) by extensions ['cmake', 'python']
[1.037s] Level 1:colcon.colcon_core.package_identification:_identify(/home/sees/CommLineProg/work/catkin2_ws/src/eureka_jerk/src) by extension 'cmake'
[1.037s] Level 1:colcon.colcon_core.package_identification:_identify(/home/sees/CommLineProg/work/catkin2_ws/src/eureka_jerk/src) by extension 'python'
[1.037s] Level 1:colcon.colcon_core.package_identification:_identify(/home/sees/CommLineProg/work/catkin2_ws/src/eureka_jerk/src) by extensions ['python_setup_py']
[1.037s] Level 1:colcon.colcon_core.package_identification:_identify(/home/sees/CommLineProg/work/catkin2_ws/src/eureka_jerk/src) by extension 'python_setup_py'
[1.037s] Level 1:colcon.colcon_core.package_discovery:discover_packages(recursive) using defaults
